build/app/intermediates/manifest_merge_blame_file/release/manifest-merger-blame-release-report.txt
1<?xml version="1.0" encoding="utf-8"?>
2<manifest xmlns:android="http://schemas.android.com/apk/res/android"
3    package="mm.org.mcf.app001"
4    android:versionCode="4076"
5    android:versionName="2.1.13" >
6
7    <uses-sdk
8        android:minSdkVersion="16"
8-->src/main/AndroidManifest.xml
9        android:targetSdkVersion="28" />
9-->src/main/AndroidManifest.xml
10
11    <uses-permission android:name="android.permission.INTERNET" />
11-->src/main/AndroidManifest.xml:4:5-67
11-->src/main/AndroidManifest.xml:4:22-64
12    <uses-permission android:name="android.permission.ACCESS_FINE_LOCATION" />
12-->src/main/AndroidManifest.xml:5:5-79
12-->src/main/AndroidManifest.xml:5:22-76
13    <uses-permission android:name="android.permission.ACCESS_COARSE_LOCATION" />
13-->src/main/AndroidManifest.xml:6:5-81
13-->src/main/AndroidManifest.xml:6:22-78
14    <uses-permission android:name="android.permission.READ_PHONE_STATE" />
14-->src/main/AndroidManifest.xml:7:5-74
14-->src/main/AndroidManifest.xml:7:22-72
15    <uses-permission android:name="android.permission.WAKE_LOCK" />
15-->[tslocationmanager-3.0.54.aar] AndroidManifest.xml:3:5-67
15-->[tslocationmanager-3.0.54.aar] AndroidManifest.xml:3:22-65
16    <uses-permission android:name="android.permission.ACCESS_NETWORK_STATE" />
16-->[tslocationmanager-3.0.54.aar] AndroidManifest.xml:4:5-78
16-->[tslocationmanager-3.0.54.aar] AndroidManifest.xml:4:22-76
17    <uses-permission android:name="android.permission.ACCESS_BACKGROUND_LOCATION" />
17-->[tslocationmanager-3.0.54.aar] AndroidManifest.xml:5:5-84
17-->[tslocationmanager-3.0.54.aar] AndroidManifest.xml:5:22-82
18    <uses-permission android:name="android.permission.ACTIVITY_RECOGNITION" />
18-->[tslocationmanager-3.0.54.aar] AndroidManifest.xml:7:5-78
18-->[tslocationmanager-3.0.54.aar] AndroidManifest.xml:7:22-76
19    <uses-permission android:name="android.permission.ACCESS_LOCATION_EXTRA_COMMANDS" />
19-->[tslocationmanager-3.0.54.aar] AndroidManifest.xml:9:5-88
19-->[tslocationmanager-3.0.54.aar] AndroidManifest.xml:9:22-86
20    <uses-permission android:name="android.permission.FOREGROUND_SERVICE" />
20-->[tslocationmanager-3.0.54.aar] AndroidManifest.xml:11:5-76
20-->[tslocationmanager-3.0.54.aar] AndroidManifest.xml:11:22-74
21    <uses-permission android:name="com.google.android.gms.permission.ACTIVITY_RECOGNITION" />
21-->[tslocationmanager-3.0.54.aar] AndroidManifest.xml:12:5-93
21-->[tslocationmanager-3.0.54.aar] AndroidManifest.xml:12:22-91
22    <uses-permission android:name="android.permission.RECEIVE_BOOT_COMPLETED" />
22-->[tslocationmanager-3.0.54.aar] AndroidManifest.xml:13:5-80
22-->[tslocationmanager-3.0.54.aar] AndroidManifest.xml:13:22-78
23    <uses-permission android:name="android.permission.GET_TASKS" /> <!-- device-specific permissions for DeviceSettings methods -->
23-->[tslocationmanager-3.0.54.aar] AndroidManifest.xml:14:5-67
23-->[tslocationmanager-3.0.54.aar] AndroidManifest.xml:14:22-65
24    <uses-permission android:name="oppo.permission.OPPO_COMPONENT_SAFE" />
24-->[tslocationmanager-3.0.54.aar] AndroidManifest.xml:16:5-74
24-->[tslocationmanager-3.0.54.aar] AndroidManifest.xml:16:22-72
25    <uses-permission android:name="com.huawei.permission.external_app_settings.USE_COMPONENT" />
25-->[tslocationmanager-3.0.54.aar] AndroidManifest.xml:17:5-96
25-->[tslocationmanager-3.0.54.aar] AndroidManifest.xml:17:22-94
26
27    <uses-feature
27-->[tslocationmanager-3.0.54.aar] AndroidManifest.xml:18:5-90
28        android:name="android.hardware.location.gps"
28-->[tslocationmanager-3.0.54.aar] AndroidManifest.xml:18:19-63
29        android:required="false" />
29-->[tslocationmanager-3.0.54.aar] AndroidManifest.xml:18:64-88
30    <uses-feature
30-->[com.google.android.gms:play-services-maps:17.0.0] AndroidManifest.xml:26:5-28:35
31        android:glEsVersion="0x00020000"
31-->[com.google.android.gms:play-services-maps:17.0.0] AndroidManifest.xml:27:9-41
32        android:required="true" /> <!-- Required by older versions of Google Play services to create IID tokens -->
32-->[com.google.android.gms:play-services-maps:17.0.0] AndroidManifest.xml:28:9-32
33    <uses-permission android:name="com.google.android.c2dm.permission.RECEIVE" />
33-->[com.google.firebase:firebase-iid:20.0.0] AndroidManifest.xml:26:5-82
33-->[com.google.firebase:firebase-iid:20.0.0] AndroidManifest.xml:26:22-79
34    <uses-permission android:name="com.google.android.finsky.permission.BIND_GET_INSTALL_REFERRER_SERVICE" />
34-->[com.google.android.gms:play-services-measurement:16.5.0] AndroidManifest.xml:26:5-110
34-->[com.google.android.gms:play-services-measurement:16.5.0] AndroidManifest.xml:26:22-107
35    <!--
36 io.flutter.app.FlutterApplication is an android.app.Application that
37         calls FlutterMain.startInitialization(this); in its onCreate method.
38         In most cases you can leave this as-is, but you if you want to provide
39         additional functionality it is fine to subclass or reimplement AIzaSyDyuRl1c0cIq0hv-k0VEGtGuaxbnLZD8wU
40         android:value="0b19121daecbe41ac676f59e00d99c71ce189f3cc1b1002ae93615a8df6b56b7"
41         android:value="79d6fbf1e2e3f47022b6250ebcf0b9e9bb25b4dd6f3c4c9e1037b22acf2c24e4"
42         FlutterApplication and put your custom class here.
43    -->
44    <application
44-->src/main/AndroidManifest.xml:16:5-52:19
45        android:name="io.flutter.app.FlutterApplication"
45-->src/main/AndroidManifest.xml:18:10-58
46        android:appComponentFactory="androidx.core.app.CoreComponentFactory"
46-->[androidx.core:core:1.2.0] AndroidManifest.xml:24:18-86
47        android:icon="@mipmap/ic_launcher"
47-->src/main/AndroidManifest.xml:21:9-43
48        android:label="Saw Saw Shar"
48-->src/main/AndroidManifest.xml:19:9-37
49        android:usesCleartextTraffic="true" >
49-->src/main/AndroidManifest.xml:20:9-44
50        <meta-data
50-->src/main/AndroidManifest.xml:23:9-25:70
51            android:name="com.google.android.geo.API_KEY"
51-->src/main/AndroidManifest.xml:24:13-58
52            android:value="AIzaSyDxtYtH4cSKLy9rNVChr8VEUUGti9gKgbE" />
52-->src/main/AndroidManifest.xml:25:13-68
53
54        <activity
54-->src/main/AndroidManifest.xml:26:9-44:20
55            android:name="mm.org.mcf.app001.MainActivity"
55-->src/main/AndroidManifest.xml:27:13-41
56            android:configChanges="orientation|keyboardHidden|keyboard|screenSize|smallestScreenSize|locale|layoutDirection|fontScale|screenLayout|density|uiMode"
56-->src/main/AndroidManifest.xml:30:13-163
57            android:hardwareAccelerated="true"
57-->src/main/AndroidManifest.xml:31:13-47
58            android:launchMode="singleTop"
58-->src/main/AndroidManifest.xml:28:13-43
59            android:theme="@style/LaunchTheme"
59-->src/main/AndroidManifest.xml:29:13-47
60            android:windowSoftInputMode="adjustResize" >
60-->src/main/AndroidManifest.xml:32:13-55
61            <meta-data
61-->src/main/AndroidManifest.xml:33:13-35:40
62                android:name="io.flutter.app.android.SplashScreenUntilFirstFrame"
62-->src/main/AndroidManifest.xml:34:17-82
63                android:value="true" />
63-->src/main/AndroidManifest.xml:35:17-37
64
65            <intent-filter>
65-->src/main/AndroidManifest.xml:36:13-39:29
66                <action android:name="android.intent.action.MAIN" />
66-->src/main/AndroidManifest.xml:37:17-68
66-->src/main/AndroidManifest.xml:37:25-66
67
68                <category android:name="android.intent.category.LAUNCHER" />
68-->src/main/AndroidManifest.xml:38:17-76
68-->src/main/AndroidManifest.xml:38:27-74
69            </intent-filter>
70            <intent-filter>
70-->src/main/AndroidManifest.xml:40:13-43:29
71                <action android:name="FLUTER_NOTIFICATION_CLICK" />
71-->src/main/AndroidManifest.xml:41:15-65
71-->src/main/AndroidManifest.xml:41:23-63
72
73                <category android:name="android.intent.category.DEFAULT" />
73-->src/main/AndroidManifest.xml:42:15-73
73-->src/main/AndroidManifest.xml:42:25-71
74            </intent-filter>
75        </activity>
76
77        <meta-data
77-->src/main/AndroidManifest.xml:46:9-161
78            android:name="com.transistorsoft.locationmanager.license"
78-->src/main/AndroidManifest.xml:46:20-77
79            android:value="0b19121daecbe41ac676f59e00d99c71ce189f3cc1b1002ae93615a8df6b56b7" />
79-->src/main/AndroidManifest.xml:46:78-158
80        <!--
81             Don't delete the meta-data below.
82             This is used by the Flutter tool to generate GeneratedPluginRegistrant.java
83        -->
84        <meta-data
84-->src/main/AndroidManifest.xml:49:9-51:33
85            android:name="flutterEmbedding"
85-->src/main/AndroidManifest.xml:50:13-44
86            android:value="2" />
86-->src/main/AndroidManifest.xml:51:13-30
87
88        <activity
88-->[tslocationmanager-3.0.54.aar] AndroidManifest.xml:20:9-219
89            android:name="com.transistorsoft.locationmanager.activity.TSLocationManagerActivity"
89-->[tslocationmanager-3.0.54.aar] AndroidManifest.xml:20:19-103
90            android:excludeFromRecents="true"
90-->[tslocationmanager-3.0.54.aar] AndroidManifest.xml:20:104-137
91            android:launchMode="singleInstance"
91-->[tslocationmanager-3.0.54.aar] AndroidManifest.xml:20:138-173
92            android:theme="@style/AppTheme.Transparent" />
92-->[tslocationmanager-3.0.54.aar] AndroidManifest.xml:20:174-217
93
94        <service android:name="com.transistorsoft.locationmanager.service.TrackingService" />
94-->[tslocationmanager-3.0.54.aar] AndroidManifest.xml:21:9-93
94-->[tslocationmanager-3.0.54.aar] AndroidManifest.xml:21:18-91
95        <service android:name="com.transistorsoft.locationmanager.service.LocationRequestService" />
95-->[tslocationmanager-3.0.54.aar] AndroidManifest.xml:22:9-100
95-->[tslocationmanager-3.0.54.aar] AndroidManifest.xml:22:18-98
96        <service android:name="com.transistorsoft.locationmanager.service.HeartbeatService" />
96-->[tslocationmanager-3.0.54.aar] AndroidManifest.xml:23:9-94
96-->[tslocationmanager-3.0.54.aar] AndroidManifest.xml:23:18-92
97        <service android:name="com.transistorsoft.locationmanager.service.ActivityRecognitionService" />
97-->[tslocationmanager-3.0.54.aar] AndroidManifest.xml:24:9-104
97-->[tslocationmanager-3.0.54.aar] AndroidManifest.xml:24:18-102
98        <service android:name="com.transistorsoft.locationmanager.service.GeofencingService" />
98-->[tslocationmanager-3.0.54.aar] AndroidManifest.xml:25:9-95
98-->[tslocationmanager-3.0.54.aar] AndroidManifest.xml:25:18-93
99        <service android:name="com.transistorsoft.locationmanager.service.BackgroundTaskService" />
99-->[tslocationmanager-3.0.54.aar] AndroidManifest.xml:26:9-99
99-->[tslocationmanager-3.0.54.aar] AndroidManifest.xml:26:18-97
100
101        <receiver android:name="com.transistorsoft.locationmanager.scheduler.ScheduleAlarmReceiver" />
101-->[tslocationmanager-3.0.54.aar] AndroidManifest.xml:27:9-102
101-->[tslocationmanager-3.0.54.aar] AndroidManifest.xml:27:19-100
102
103        <service android:name="com.transistorsoft.locationmanager.scheduler.ScheduleService" />
103-->[tslocationmanager-3.0.54.aar] AndroidManifest.xml:28:9-95
103-->[tslocationmanager-3.0.54.aar] AndroidManifest.xml:28:18-93
104        <service
104-->[tslocationmanager-3.0.54.aar] AndroidManifest.xml:29:9-179
105            android:name="com.transistorsoft.locationmanager.scheduler.ScheduleJobService"
105-->[tslocationmanager-3.0.54.aar] AndroidManifest.xml:29:18-96
106            android:exported="true"
106-->[tslocationmanager-3.0.54.aar] AndroidManifest.xml:29:97-120
107            android:permission="android.permission.BIND_JOB_SERVICE" />
107-->[tslocationmanager-3.0.54.aar] AndroidManifest.xml:29:121-177
108
109        <receiver android:name="com.transistorsoft.locationmanager.BootReceiver" >
109-->[tslocationmanager-3.0.54.aar] AndroidManifest.xml:30:9-35:20
109-->[tslocationmanager-3.0.54.aar] AndroidManifest.xml:30:19-81
110            <intent-filter>
110-->[tslocationmanager-3.0.54.aar] AndroidManifest.xml:31:13-34:29
111                <action android:name="android.intent.action.BOOT_COMPLETED" />
111-->[tslocationmanager-3.0.54.aar] AndroidManifest.xml:32:17-78
111-->[tslocationmanager-3.0.54.aar] AndroidManifest.xml:32:25-76
112                <action android:name="android.intent.action.MY_PACKAGE_REPLACED" />
112-->[tslocationmanager-3.0.54.aar] AndroidManifest.xml:33:17-83
112-->[tslocationmanager-3.0.54.aar] AndroidManifest.xml:33:25-81
113            </intent-filter>
114        </receiver>
115
116        <provider
116-->[tslocationmanager-3.0.54.aar] AndroidManifest.xml:36:9-38:20
117            android:name="com.transistorsoft.locationmanager.util.LogFileProvider"
117-->[tslocationmanager-3.0.54.aar] AndroidManifest.xml:36:19-89
118            android:authorities="mm.org.mcf.app001.tslocationmanager.fileprovider"
118-->[tslocationmanager-3.0.54.aar] AndroidManifest.xml:36:90-159
119            android:exported="false"
119-->[tslocationmanager-3.0.54.aar] AndroidManifest.xml:36:160-184
120            android:grantUriPermissions="true" >
120-->[tslocationmanager-3.0.54.aar] AndroidManifest.xml:36:185-219
121            <meta-data
121-->[tslocationmanager-3.0.54.aar] AndroidManifest.xml:37:13-137
122                android:name="android.support.FILE_PROVIDER_PATHS"
122-->[tslocationmanager-3.0.54.aar] AndroidManifest.xml:37:24-74
123                android:resource="@xml/tslocationmanager_file_provider_path" />
123-->[tslocationmanager-3.0.54.aar] AndroidManifest.xml:37:75-135
124        </provider>
125
126        <service android:name="io.flutter.plugins.firebasemessaging.FlutterFirebaseMessagingService" >
126-->[:firebase_messaging] AndroidManifest.xml:8:9-12:19
126-->[:firebase_messaging] AndroidManifest.xml:8:18-101
127            <intent-filter>
127-->[:firebase_messaging] AndroidManifest.xml:9:13-11:29
128                <action android:name="com.google.firebase.MESSAGING_EVENT" />
128-->[:firebase_messaging] AndroidManifest.xml:10:17-78
128-->[:firebase_messaging] AndroidManifest.xml:10:25-75
129            </intent-filter>
130        </service>
131        <service
131-->[:firebase_messaging] AndroidManifest.xml:13:9-17:19
132            android:name="com.google.firebase.components.ComponentDiscoveryService"
132-->[:firebase_messaging] AndroidManifest.xml:13:18-89
133            android:exported="false" >
133-->[com.google.android.gms:play-services-measurement-api:16.5.0] AndroidManifest.xml:29:13-37
134            <meta-data
134-->[:firebase_messaging] AndroidManifest.xml:14:13-16:85
135                android:name="com.google.firebase.components:io.flutter.plugins.firebasemessaging.FlutterFirebaseAppRegistrar"
135-->[:firebase_messaging] AndroidManifest.xml:15:17-127
136                android:value="com.google.firebase.components.ComponentRegistrar" />
136-->[:firebase_messaging] AndroidManifest.xml:16:17-82
137            <meta-data
137-->[:firebase_analytics] AndroidManifest.xml:13:13-15:85
138                android:name="com.google.firebase.components:io.flutter.plugins.firebaseanalytics.FlutterFirebaseAppRegistrar"
138-->[:firebase_analytics] AndroidManifest.xml:14:17-127
139                android:value="com.google.firebase.components.ComponentRegistrar" />
139-->[:firebase_analytics] AndroidManifest.xml:15:17-82
140            <meta-data
140-->[com.google.android.gms:play-services-measurement-api:16.5.0] AndroidManifest.xml:30:13-32:85
141                android:name="com.google.firebase.components:com.google.firebase.analytics.connector.internal.AnalyticsConnectorRegistrar"
141-->[com.google.android.gms:play-services-measurement-api:16.5.0] AndroidManifest.xml:31:17-139
142                android:value="com.google.firebase.components.ComponentRegistrar" />
142-->[com.google.android.gms:play-services-measurement-api:16.5.0] AndroidManifest.xml:32:17-82
143            <meta-data
143-->[com.google.firebase:firebase-iid:20.0.0] AndroidManifest.xml:32:13-34:85
144                android:name="com.google.firebase.components:com.google.firebase.iid.Registrar"
144-->[com.google.firebase:firebase-iid:20.0.0] AndroidManifest.xml:33:17-96
145                android:value="com.google.firebase.components.ComponentRegistrar" />
145-->[com.google.firebase:firebase-iid:20.0.0] AndroidManifest.xml:34:17-82
146        </service>
147
148        <activity
148-->[:url_launcher] AndroidManifest.xml:8:9-11:74
149            android:name="io.flutter.plugins.urllauncher.WebViewActivity"
149-->[:url_launcher] AndroidManifest.xml:9:13-74
150            android:exported="false"
150-->[:url_launcher] AndroidManifest.xml:10:13-37
151            android:theme="@android:style/Theme.NoTitleBar.Fullscreen" />
151-->[:url_launcher] AndroidManifest.xml:11:13-71
152
153        <receiver android:name="com.transistorsoft.tsbackgroundfetch.FetchAlarmReceiver" />
153-->[tsbackgroundfetch-0.4.2.aar] AndroidManifest.xml:16:9-92
153-->[tsbackgroundfetch-0.4.2.aar] AndroidManifest.xml:16:19-89
154
155        <service
155-->[tsbackgroundfetch-0.4.2.aar] AndroidManifest.xml:18:9-21:72
156            android:name="com.transistorsoft.tsbackgroundfetch.FetchJobService"
156-->[tsbackgroundfetch-0.4.2.aar] AndroidManifest.xml:19:13-80
157            android:exported="true"
157-->[tsbackgroundfetch-0.4.2.aar] AndroidManifest.xml:20:13-36
158            android:permission="android.permission.BIND_JOB_SERVICE" />
158-->[tsbackgroundfetch-0.4.2.aar] AndroidManifest.xml:21:13-69
159
160        <receiver android:name="com.transistorsoft.tsbackgroundfetch.BootReceiver" >
160-->[tsbackgroundfetch-0.4.2.aar] AndroidManifest.xml:23:9-28:20
160-->[tsbackgroundfetch-0.4.2.aar] AndroidManifest.xml:23:19-83
161            <intent-filter>
161-->[tslocationmanager-3.0.54.aar] AndroidManifest.xml:31:13-34:29
162                <action android:name="android.intent.action.BOOT_COMPLETED" />
162-->[tslocationmanager-3.0.54.aar] AndroidManifest.xml:32:17-78
162-->[tslocationmanager-3.0.54.aar] AndroidManifest.xml:32:25-76
163                <action android:name="android.intent.action.MY_PACKAGE_REPLACED" />
163-->[tslocationmanager-3.0.54.aar] AndroidManifest.xml:33:17-83
163-->[tslocationmanager-3.0.54.aar] AndroidManifest.xml:33:25-81
164            </intent-filter>
165        </receiver>
166        <!--
167             FirebaseMessagingService performs security checks at runtime,
168             but set to not exported to explicitly avoid allowing another app to call it.
169        -->
170        <service
170-->[com.google.firebase:firebase-messaging:20.0.0] AndroidManifest.xml:28:9-34:19
171            android:name="com.google.firebase.messaging.FirebaseMessagingService"
171-->[com.google.firebase:firebase-messaging:20.0.0] AndroidManifest.xml:29:13-82
172            android:exported="false" >
172-->[com.google.firebase:firebase-messaging:20.0.0] AndroidManifest.xml:30:13-37
173            <intent-filter android:priority="-500" >
173-->[:firebase_messaging] AndroidManifest.xml:9:13-11:29
174                <action android:name="com.google.firebase.MESSAGING_EVENT" />
174-->[:firebase_messaging] AndroidManifest.xml:10:17-78
174-->[:firebase_messaging] AndroidManifest.xml:10:25-75
175            </intent-filter>
176        </service> <!-- Needs to be explicitly declared on P+ -->
177        <uses-library
177-->[com.google.android.gms:play-services-maps:17.0.0] AndroidManifest.xml:33:9-35:40
178            android:name="org.apache.http.legacy"
178-->[com.google.android.gms:play-services-maps:17.0.0] AndroidManifest.xml:34:13-50
179            android:required="false" />
179-->[com.google.android.gms:play-services-maps:17.0.0] AndroidManifest.xml:35:13-37
180
181        <receiver
181-->[com.google.firebase:firebase-iid:20.0.0] AndroidManifest.xml:37:9-44:20
182            android:name="com.google.firebase.iid.FirebaseInstanceIdReceiver"
182-->[com.google.firebase:firebase-iid:20.0.0] AndroidManifest.xml:38:13-78
183            android:exported="true"
183-->[com.google.firebase:firebase-iid:20.0.0] AndroidManifest.xml:39:13-36
184            android:permission="com.google.android.c2dm.permission.SEND" >
184-->[com.google.firebase:firebase-iid:20.0.0] AndroidManifest.xml:40:13-73
185            <intent-filter>
185-->[com.google.firebase:firebase-iid:20.0.0] AndroidManifest.xml:41:13-43:29
186                <action android:name="com.google.android.c2dm.intent.RECEIVE" />
186-->[com.google.firebase:firebase-iid:20.0.0] AndroidManifest.xml:42:17-81
186-->[com.google.firebase:firebase-iid:20.0.0] AndroidManifest.xml:42:25-78
187            </intent-filter>
188        </receiver>
189
190        <activity
190-->[com.google.android.gms:play-services-base:17.0.0] AndroidManifest.xml:23:9-26:75
191            android:name="com.google.android.gms.common.api.GoogleApiActivity"
191-->[com.google.android.gms:play-services-base:17.0.0] AndroidManifest.xml:24:13-79
192            android:exported="false"
192-->[com.google.android.gms:play-services-base:17.0.0] AndroidManifest.xml:25:13-37
193            android:theme="@android:style/Theme.Translucent.NoTitleBar" />
193-->[com.google.android.gms:play-services-base:17.0.0] AndroidManifest.xml:26:13-72
194
195        <provider
195-->[com.google.firebase:firebase-common:19.0.0] AndroidManifest.xml:12:9-16:39
196            android:name="com.google.firebase.provider.FirebaseInitProvider"
196-->[com.google.firebase:firebase-common:19.0.0] AndroidManifest.xml:13:13-77
197            android:authorities="mm.org.mcf.app001.firebaseinitprovider"
197-->[com.google.firebase:firebase-common:19.0.0] AndroidManifest.xml:14:13-72
198            android:exported="false"
198-->[com.google.firebase:firebase-common:19.0.0] AndroidManifest.xml:15:13-37
199            android:initOrder="100" />
199-->[com.google.firebase:firebase-common:19.0.0] AndroidManifest.xml:16:13-36
200
201        <receiver
201-->[com.google.android.gms:play-services-measurement:16.5.0] AndroidManifest.xml:29:9-33:20
202            android:name="com.google.android.gms.measurement.AppMeasurementReceiver"
202-->[com.google.android.gms:play-services-measurement:16.5.0] AndroidManifest.xml:30:13-85
203            android:enabled="true"
203-->[com.google.android.gms:play-services-measurement:16.5.0] AndroidManifest.xml:31:13-35
204            android:exported="false" >
204-->[com.google.android.gms:play-services-measurement:16.5.0] AndroidManifest.xml:32:13-37
205        </receiver>
206        <receiver
206-->[com.google.android.gms:play-services-measurement:16.5.0] AndroidManifest.xml:34:9-42:20
207            android:name="com.google.android.gms.measurement.AppMeasurementInstallReferrerReceiver"
207-->[com.google.android.gms:play-services-measurement:16.5.0] AndroidManifest.xml:35:13-100
208            android:enabled="true"
208-->[com.google.android.gms:play-services-measurement:16.5.0] AndroidManifest.xml:36:13-35
209            android:exported="true"
209-->[com.google.android.gms:play-services-measurement:16.5.0] AndroidManifest.xml:37:13-36
210            android:permission="android.permission.INSTALL_PACKAGES" >
210-->[com.google.android.gms:play-services-measurement:16.5.0] AndroidManifest.xml:38:13-69
211            <intent-filter>
211-->[com.google.android.gms:play-services-measurement:16.5.0] AndroidManifest.xml:39:13-41:29
212                <action android:name="com.android.vending.INSTALL_REFERRER" />
212-->[com.google.android.gms:play-services-measurement:16.5.0] AndroidManifest.xml:40:17-79
212-->[com.google.android.gms:play-services-measurement:16.5.0] AndroidManifest.xml:40:25-76
213            </intent-filter>
214        </receiver>
215
216        <service
216-->[com.google.android.gms:play-services-measurement:16.5.0] AndroidManifest.xml:44:9-47:40
217            android:name="com.google.android.gms.measurement.AppMeasurementService"
217-->[com.google.android.gms:play-services-measurement:16.5.0] AndroidManifest.xml:45:13-84
218            android:enabled="true"
218-->[com.google.android.gms:play-services-measurement:16.5.0] AndroidManifest.xml:46:13-35
219            android:exported="false" />
219-->[com.google.android.gms:play-services-measurement:16.5.0] AndroidManifest.xml:47:13-37
220        <service
220-->[com.google.android.gms:play-services-measurement:16.5.0] AndroidManifest.xml:48:9-52:72
221            android:name="com.google.android.gms.measurement.AppMeasurementJobService"
221-->[com.google.android.gms:play-services-measurement:16.5.0] AndroidManifest.xml:49:13-87
222            android:enabled="true"
222-->[com.google.android.gms:play-services-measurement:16.5.0] AndroidManifest.xml:50:13-35
223            android:exported="false"
223-->[com.google.android.gms:play-services-measurement:16.5.0] AndroidManifest.xml:51:13-37
224            android:permission="android.permission.BIND_JOB_SERVICE" />
224-->[com.google.android.gms:play-services-measurement:16.5.0] AndroidManifest.xml:52:13-69
225
226        <meta-data
226-->[com.google.android.gms:play-services-basement:17.0.0] AndroidManifest.xml:23:9-25:69
227            android:name="com.google.android.gms.version"
227-->[com.google.android.gms:play-services-basement:17.0.0] AndroidManifest.xml:24:13-58
228            android:value="@integer/google_play_services_version" />
228-->[com.google.android.gms:play-services-basement:17.0.0] AndroidManifest.xml:25:13-66
229
230        <activity
230-->[com.intentfilter:android-permissions:0.1.8] AndroidManifest.xml:12:9-15:59
231            android:name="com.intentfilter.androidpermissions.PermissionsActivity"
231-->[com.intentfilter:android-permissions:0.1.8] AndroidManifest.xml:13:13-83
232            android:excludeFromRecents="true"
232-->[com.intentfilter:android-permissions:0.1.8] AndroidManifest.xml:14:13-46
233            android:theme="@style/AppTheme.Transparent" />
233-->[com.intentfilter:android-permissions:0.1.8] AndroidManifest.xml:15:13-56
234    </application>
235
236</manifest>